500 1
1695 1
816 1
981 1
799 1
810 1
507 1
1046 1
434 1
1602 1
1016 1
541 1
1498 1
503 1
173 1
275 1
1186 1
765 1
78 1
158 1
782 1
714 1
484 1
654 1
574 1
1260 1
795 1
1567 1
4 1
584 1
680 1
1398 1
1179 1
415 1
1281 1
1004 1
202 1
1195 1
882 1
1636 1
110 1
900 1
1607 1
790 1
1031 1
285 1
43 1
395 1
1521 1
204 1
1282 1
1532 1
599 1
478 1
1381 1
1452 1
1404 1
1583 1
1185 1
989 1
1620 1
1693 1
1118 1
105 1
68 1
942 1
107 1
112 1
1159 2
1266 2
839 2
1778 2
79 2
644 2
1217 2
641 2
1526 2
1126 2
1318 2
847 2
1524 2
372 2
157 2
905 2
270 2
159 2
1534 2
1355 2
245 2
1752 2
1745 2
14 2
982 2
533 2
1799 2
951 2
1581 2
1669 2
811 2
1299 2
1383 2
976 2
277 2
750 2
1457 2
1515 2
985 2
1735 2
1634 2
1612 2
727 2
627 2
1674 2
489 2
884 2
658 2
1056 2
334 2
1789 2
93 2
333 2
51 2
1587 2
1600 2
1009 2
610 2
526 2
950 2
195 2
1540 2
178 2
961 2
1608 2
1208 2
570 2
1664 2
1371 2
857 2
1254 2
267 2
1072 2
378 2
348 2
1084 2
282 2
1312 2
778 2
185 2
377 2
457 2
1170 2
198 2
1795 2
235 2
405 2
1091 2
1359 2
312 2
459 2
1194 2
1771 2
1147 2
1643 2
1067 2
85 2
1197 2
342 2
163 2
243 2
520 2
896 2
1097 2
863 2
855 2
1034 2
756 2
1116 2
560 2
1060 2
360 2
550 2
812 2
1449 2
1642 2
677 2
786 2
1386 2
764 2
1635 2
1513 2
284 2
133 2
293 2
325 2
787 2
1369 2
1558 2
1271 2
1393 2
972 2
460 2
11 2
561 2
511 2
690 2
1077 2
373 2
1061 2
1176 2
1026 2
634 2
423 2
166 2
99 2
1633 2
1240 2
384 2
864 2
258 2
1078 2
779 2
869 2
469 2
1501 2
1352 2
619 2
856 2
82 2
581 2
880 2
966 2
968 2
244 2
501 2
738 2
1368 2
1156 2
413 2
536 2
1556 2
1124 2
1539 2
213 2
930 2
876 2
633 2
1251 2
375 2
109 2
1477 2
127 2
410 2
1294 2
1385 2
555 2
991 2
766 2
1150 2
626 2
183 2
686 2
922 2
1461 2
909 2
55 2
1316 2
1140 2
223 2
781 2
1268 2
122 2
1167 2
660 2
746 2
1239 2
1517 2
304 2
1062 2
1603 2
115 2
1688 2
367 2
586 2
958 2
1059 2
1304 2
535 2
1267 2
565 2
1169 2
1307 2
1102 2
66 2
326 2
177 2
54 2
1622 2
636 2
1659 2
307 2
250 2
1760 2
630 2
443 2
614 2
623 2
912 2
785 2
737 2
102 2
1741 2
1424 2
783 2
1083 2
582 2
676 2
907 2
1130 3
1447 3
6 3
1621 3
124 3
499 3
468 3
453 3
1749 3
1754 3
1263 3
1300 3
1655 3
672 3
502 3
1296 3
1441 3
324 3
341 3
1370 3
1073 3
8 3
1624 3
873 3
350 3
1425 3
788 3
246 3
1270 3
1470 3
1149 3
540 3
1552 3
579 3
946 3
598 3
251 3
1232 3
1113 3
1236 3
1673 3
1340 3
821 3
1190 3
1229 3
1093 3
1047 3
1399 3
175 3
1652 3
417 3
1553 3
1776 3
1657 3
208 3
1180 3
397 3
1154 3
1759 3
303 3
805 3
508 3
1064 3
327 3
1001 3
1134 3
1090 3
1736 3
791 3
954 3
92 3
652 3
682 3
881 3
983 3
494 3
1662 3
40 3
705 3
1280 3
1738 3
1237 3
1570 3
1298 3
424 3
58 3
1114 3
1640 3
400 3
1131 3
1364 3
649 3
936 3
1021 3
394 3
228 3
609 3
1471 3
113 3
1605 3
551 3
1787 3
1479 3
733 3
1426 3
1356 3
801 3
1653 3
1483 3
728 3
454 3
789 3
349 3
1110 3
430 3
1782 3
1196 3
1151 3
1598 3
233 3
1490 3
345 3
104 3
998 3
819 3
288 3
741 3
675 3
474 3
491 3
1401 3
1311 3
1177 3
653 3
1720 3
1272 3
147 3
1629 3
509 3
1344 3
1303 3
817 3
899 3
310 3
1025 3
712 3
1274 3
544 3
1048 3
1472 3
1705 3
651 3
957 3
1123 3
155 3
1685 3
578 4
735 4
153 4
1339 4
1611 4
1178 4
44 4
1 4
1676 4
1032 4
674 4
993 4
1029 4
927 4
608 4
840 4
156 4
977 4
321 4
770 4
1128 4
1291 4
71 4
1146 4
523 4
390 4
389 4
796 4
170 4
486 4
1571 4
1293 4
411 4
521 4
1181 4
1173 4
872 4
370 4
1538 4
368 4
704 4
180 4
35 4
545 4
650 4
1276 4
566 4
699 4
196 4
1262 4
943 4
1187 4
1476 4
897 4
1397 4
98 4
369 4
227 4
1174 4
1182 4
1792 4
203 4
207 4
383 4
1329 4
802 4
606 4
887 4
635 4
1510 4
1747 4
793 4
1043 4
1330 4
1253 4
1531 4
1644 4
319 4
361 4
125 4
646 4
925 4
1505 4
435 4
114 4
713 4
1132 4
572 4
1765 4
1431 4
162 4
1335 4
64 4
1699 4
546 4
45 4
88 4
1497 4
57 4
1719 4
1454 4
1423 4
1773 4
955 4
376 4
1473 4
1415 4
149 4
1120 4
1306 4
354 4
1572 4
222 4
808 4
249 4
530 4
184 4
366 4
1222 4
2 4
340 4
447 4
1224 4
1363 4
13 4
1125 4
29 4
1349 4
687 4
1502 4
279 4
286 4
382 4
878 4
1681 4
52 4
1604 4
39 4
1104 4
664 4
848 4
1380 4
726 4
1756 4
1227 4
1710 4
593 4
238 4
1671 4
480 4
815 4
211 4
1684 4
642 4
1707 4
844 4
917 4
83 4
298 4
456 4
1350 4
1453 4
214 4
1153 4
470 4
771 4
725 4
1392 4
1374 4
296 4
221 4
218 4
1378 4
1796 4
631 4
254 4
830 4
1429 4
1500 4
1226 4
446 4
351 4
1302 4
666 4
1661 4
850 4
853 4
328 4
1366 4
890 4
1244 4
219 4
1589 4
792 4
1287 4
488 4
1450 4
1580 4
190 4
1165 4
476 4
1599 4
1677 4
210 4
101 4
898 4
128 4
209 4
999 4
1717 4
402 4
463 4
1565 4
1045 4
1200 4
567 4
1402 4
913 4
1372 4
1007 4
542 4
199 4
1320 4
1347 4
1145 4
818 4
1678 4
910 4
1718 4
861 4
1109 4
1036 4
1575 4
408 4
168 4
1697 4
934 4
557 4
70 4
300 4
87 4
1740 4
1015 4
1628 4
1141 4
67 4
84 4
278 4
886 4
759 4
1054 4
1220 4
1171 4
640 4
200 4
1416 4
1663 4
363 4
513 4
1223 4
1188 4
1714 4
987 4
1384 4
215 4
1666 4
212 4
352 4
1033 4
620 4
827 4
28 4
1417 4
1507 4
276 4
742 4
59 4
1413 4
1248 4
1491 4
1338 4
1333 4
1051 4
1721 4
1192 4
1040 4
295 4
1003 4
492 4
928 4
1725 4
116 4
1716 4
1403 4
294 4
1228 4
1519 4
563 4
1337 4
33 4
1783 4
1616 4
1284 4
1258 4
1231 4
1743 4
1506 4
1672 4
711 4
1638 4
709 4
564 4
643 4
833 4
1573 4
1164 4
1448 4
629 4
479 4
1475 4
1474 4
769 4
1731 4
409 4
335 4
1343 4
422 4
1737 4
1547 4
532 4
506 4
935 4
472 4
1351 4
1668 4
481 4
192 4
1139 4
1700 4
10 4
1278 4
1005 4
761 4
1175 4
1574 4
1481 4
624 4
947 4
193 4
1002 4
1238 4
1215 4
1492 4
1750 4
1157 4
129 4
32 4
919 4
828 4
1209 4
820 4
169 4
751 4
95 4
673 4
1101 4
559 4
426 4
1742 4
1100 4
806 4
248 4
1252 4
809 4
1152 4
745 4
1751 4
493 4
145 4
455 4
1435 4
117 4
729 4
1261 4
1670 4
871 4
1625 4
888 4
534 4
1487 4
1414 4
396 4
1732 4
1456 4
902 4
1234 4
471 4
1465 4
355 4
1594 4
1327 4
1665 4
1328 4
398 4
36 4
931 4
1041 4
1086 4
505 4
1206 4
182 4
605 4
297 4
253 4
628 4
1301 4
798 4
926 4
553 4
1546 4
1068 4
1683 4
1354 4
1610 4
1273 4
1649 4
1070 4
1400 4
775 4
814 4
1135 4
1522 4
290 4
1596 4
1630 4
834 4
1702 4
19 4
191 4
1071 4
768 4
975 4
359 4
645 4
924 4
53 4
458 4
777 4
1509 4
1079 4
1550 4
1650 4
1613 4
870 4
1332 4
1075 4
1561 4
1265 4
1504 4
1518 4
865 4
1166 4
997 4
591 4
1730 4
755 4
1107 4
1775 4
600 4
718 4
186 4
473 4
1560 4
1168 4
1230 4
1216 4
616 4
332 4
723 4
1202 4
522 4
108 4
407 4
621 4
1660 4
498 4
647 4
1658 4
225 4
1094 4
617 4
1108 4
859 4
1319 4
504 4
1129 4
692 4
1019 4
915 4
433 4
940 4
974 4
1698 4
683 4
1794 4
1588 4
404 4
1430 4
1451 4
239 4
994 4
875 4
992 4
949 4
547 4
150 4
773 4
531 4
1520 4
381 4
353 4
1010 4
639 4
776 4
1462 4
592 4
846 4
1746 4
1345 4
836 4
1525 4
1744 4
262 4
401 4
256 4
385 4
753 4
448 4
1096 4
1499 4
336 4
576 4
1708 4
138 4
1341 4
475 4
744 4
151 4
1066 4
21 4
879 4
1011 4
1682 4
772 4
106 4
1772 4
748 4
914 4
1030 4
1512 4
1288 4
1544 4
60 4
1432 4
613 4
1436 4
1597 4
380 4
588 4
1434 4
1053 4
749 4
1420 4
1455 4
906 4
1542 4
1486 4
47 4
932 4
597 4
140 4
393 4
1213 4
1757 4
1758 4
562 4
1460 4
141 4
1562 4
706 4
316 4
1706 4
663 4
1377 4
323 4
838 4
318 4
264 4
731 4
257 4
1566 4
1074 4
1221 4
94 4
490 4
963 4
973 4
1654 4
261 4
236 4
807 4
347 4
1494 4
1495 4
1313 4
161 4
1325 4
1593 4
1609 4
1701 4
1667 4
604 4
1310 4
291 4
1755 4
1367 4
438 4
908 4
466 4
1028 4
1777 4
1039 4
241 4
874 4
357 4
916 4
181 4
959 4
657 4
1080 4
1478 4
306 4
1704 4
1637 4
1639 4
693 4
697 4
668 4
450 4
743 4
1482 4
154 4
1723 4
16 4
739 5
918 5
539 5
747 5
825 5
971 5
266 5
18 5
1686 5
1292 5
1225 5
362 5
65 5
1214 5
331 5
937 5
1523 5
1766 5
920 5
1769 5
804 5
41 5
406 5
217 5
1761 5
669 5
136 5
956 5
371 5
538 5
953 5
667 5
1551 5
1210 5
1382 5
549 5
176 5
1037 5
