602 1
196 1
890 1
130 1
915 1
967 1
521 1
62 1
859 1
839 1
259 1
959 1
641 1
313 1
447 1
103 1
832 1
67 1
787 1
137 1
778 1
758 1
692 1
588 1
809 1
617 1
799 1
339 1
923 1
384 1
759 1
110 1
677 1
282 1
599 1
784 1
825 1
408 1
926 1
659 1
95 1
231 1
539 1
764 1
867 1
355 1
448 1
572 1
16 1
226 1
666 1
139 1
61 1
664 1
27 1
879 1
104 1
239 1
14 1
332 1
105 1
48 1
29 1
925 1
905 1
17 1
574 1
272 1
189 1
41 1
115 1
167 1
811 1
434 1
207 1
667 1
658 1
669 1
821 1
634 1
183 1
439 1
333 1
112 1
293 1
280 1
535 1
887 1
108 1
917 1
948 1
626 1
953 1
550 1
853 1
317 1
603 1
34 1
762 1
278 1
214 1
66 1
35 1
402 1
933 1
597 1
345 1
682 1
566 1
186 1
268 1
392 1
720 1
250 2
981 2
1 2
319 2
950 2
875 2
990 2
165 2
368 2
581 2
828 2
156 2
442 2
362 2
721 2
806 2
77 2
237 2
227 2
341 2
324 2
982 2
812 2
963 2
311 2
489 2
694 2
113 2
171 2
430 2
464 2
161 2
204 2
565 2
262 2
575 2
840 2
290 2
126 2
287 2
158 2
407 2
899 2
342 2
647 2
865 2
960 2
920 2
632 2
18 2
411 2
438 2
354 2
660 2
700 2
964 2
670 2
646 2
723 2
437 2
537 2
991 2
387 2
209 2
318 2
940 2
331 2
961 2
515 2
880 2
993 2
266 2
472 2
152 2
199 2
192 2
622 2
412 2
444 2
56 2
475 2
120 2
994 2
837 2
463 2
870 2
160 2
458 2
874 2
403 2
594 2
671 2
726 2
485 2
309 2
101 2
558 2
217 2
348 2
810 2
88 2
320 2
712 2
501 2
440 2
206 2
295 2
125 2
307 2
688 2
627 2
382 2
946 2
713 2
213 2
449 2
753 2
619 2
740 2
117 2
606 2
719 2
988 2
338 2
377 2
604 2
511 2
703 2
850 2
102 2
699 2
894 2
856 2
397 2
728 2
763 2
23 2
506 2
367 2
255 2
815 2
652 2
32 2
673 2
801 2
498 2
848 2
37 2
181 2
5 2
497 2
576 2
201 2
19 2
479 2
803 2
968 2
766 2
737 2
962 2
141 2
786 2
524 2
350 2
366 2
777 2
410 2
922 2
471 2
379 2
36 2
15 2
851 2
562 2
84 2
931 2
344 2
129 2
193 2
805 2
513 2
883 2
949 2
596 2
305 2
169 2
907 2
583 2
164 2
951 2
919 2
557 2
797 2
742 2
914 2
87 2
383 2
51 2
191 2
276 2
708 2
172 2
478 2
91 2
862 2
300 2
684 2
750 2
274 2
238 2
663 2
656 2
792 2
179 2
347 2
441 2
443 2
396 2
218 2
142 2
761 2
246 2
857 2
121 2
510 2
909 2
371 2
527 2
177 2
273 2
375 2
836 2
140 2
614 2
788 2
357 2
400 2
135 2
284 2
33 2
11 2
834 2
918 2
198 2
114 2
351 2
935 2
782 2
681 2
7 2
522 2
771 2
174 2
71 2
732 2
211 2
607 2
413 2
63 2
431 2
563 2
24 2
106 2
500 2
480 2
943 2
495 2
544 2
267 2
314 2
955 2
232 2
816 2
749 2
395 2
490 2
835 2
881 2
146 2
486 2
752 2
701 2
863 2
819 2
520 2
138 2
42 2
409 2
768 2
999 2
370 2
257 2
229 2
194 2
216 2
844 2
353 2
843 2
335 2
543 2
145 2
315 2
965 2
427 2
609 2
176 2
360 2
406 2
591 2
587 2
459 2
12 2
417 2
707 2
297 2
861 2
847 2
491 2
269 2
399 2
624 2
330 2
600 2
804 2
534 2
904 2
450 2
800 2
860 2
736 2
461 2
1000 2
329 2
316 2
52 2
996 2
467 2
928 2
343 2
456 2
3 2
275 2
625 2
773 2
546 2
306 2
414 2
271 2
25 2
827 2
944 2
757 2
134 2
327 2
163 2
358 2
205 2
675 2
263 2
580 2
570 2
929 2
517 2
31 2
551 2
429 2
866 2
746 2
578 2
729 2
38 2
462 2
864 2
952 2
698 2
494 2
86 2
662 2
122 2
291 2
435 2
264 2
689 2
716 2
279 2
80 2
43 2
645 2
507 2
956 2
531 2
902 2
639 2
260 2
94 2
493 2
985 2
691 2
976 2
676 2
733 2
230 2
373 2
798 2
927 2
100 2
889 2
541 2
124 2
301 2
680 2
845 2
908 2
428 2
482 2
774 2
665 2
775 2
248 2
432 2
195 2
