243 1
68 1
939 1
352 1
1230 1
628 1
137 1
539 1
1122 1
1325 1
596 1
514 1
1125 1
793 1
1201 1
816 1
971 1
1350 1
1313 1
1207 1
845 1
1052 1
381 1
1192 1
1084 1
764 1
1106 1
801 1
163 1
558 1
385 1
599 1
1278 1
997 1
857 1
771 1
562 1
1022 1
1262 1
929 1
919 1
563 1
1126 1
350 1
907 1
497 1
1190 2
1002 2
776 2
1186 2
763 2
1005 2
960 2
31 2
336 2
1133 2
402 2
817 2
221 2
1151 2
1144 2
1055 2
513 2
1123 2
141 2
864 2
136 2
1311 2
308 2
234 2
35 2
1130 2
119 2
949 2
1219 2
306 2
1032 2
1248 2
434 2
1212 2
1279 2
674 2
498 2
74 2
635 2
409 2
524 2
1030 2
1322 2
925 2
435 2
1131 2
587 2
858 3
605 3
1236 3
1003 3
1048 3
527 4
719 4
79 4
713 4
1252 4
21 4
1172 4
404 4
186 4
157 4
87 4
144 4
1143 4
1287 4
54 4
5 4
411 4
3 4
272 4
561 4
649 4
391 4
467 4
228 4
125 4
1221 4
50 5
853 5
477 5
585 5
255 5
636 5
837 5
254 5
657 5
335 5
742 5
1012 5
147 5
1229 5
423 5
120 5
805 5
1220 5
683 5
312 5
609 5
338 5
519 5
491 5
1069 5
22 5
619 5
717 5
390 5
1329 5
979 5
1305 5
475 5
849 5
1160 5
421 5
374 5
317 5
1063 5
259 5
1241 5
957 5
253 5
680 5
213 5
654 5
1205 5
724 5
630 5
589 5
935 5
590 5
1222 5
37 5
638 5
153 5
998 5
963 5
756 5
601 5
552 5
17 5
416 5
511 5
146 5
735 5
1067 5
1045 5
215 5
901 5
466 5
883 5
1328 6
684 6
615 6
398 6
714 6
1153 6
1335 6
797 6
965 6
515 6
464 6
489 6
768 7
796 7
1120 7
470 7
1301 7
964 7
893 7
1014 7
507 7
378 7
1240 7
982 7
1342 7
950 7
1247 7
13 7
43 7
177 7
1110 7
926 7
1349 7
1019 7
9 7
899 7
948 7
60 7
248 7
483 7
1040 7
687 7
361 7
363 7
192 7
77 8
1187 8
368 8
806 8
646 8
195 8
991 8
104 8
102 8
262 8
181 8
161 8
273 8
1326 8
737 8
1034 8
682 8
449 8
954 8
1098 8
712 8
594 8
1175 8
18 8
140 8
1200 8
1174 8
668 8
1299 8
988 8
1109 8
1292 8
1092 8
1103 8
887 8
644 8
408 8
1193 8
1049 8
586 8
675 8
523 8
831 8
1251 8
75 8
427 8
284 8
380 8
100 8
955 8
322 8
316 8
29 8
431 8
1180 8
1075 8
1101 8
1272 8
1057 8
108 8
34 8
282 8
669 8
921 8
36 8
148 8
1161 8
872 8
504 8
280 8
474 8
337 8
839 8
526 8
1139 8
570 8
30 8
355 8
180 8
457 8
813 8
365 8
981 8
1068 8
1017 8
1243 8
787 8
178 8
1152 8
315 8
660 8
320 8
672 8
951 8
1215 8
296 8
191 8
994 8
1076 8
920 8
182 8
1202 8
1078 8
616 8
1253 8
517 8
247 8
1284 8
795 8
237 8
1224 8
238 8
774 8
673 8
71 8
204 8
197 8
1058 8
874 8
860 8
274 8
76 8
127 8
876 8
362 8
356 8
438 8
748 8
1344 8
947 8
551 8
1314 8
406 8
389 8
862 8
436 8
1271 8
886 8
510 8
458 8
944 8
1315 8
631 8
281 8
314 8
1073 8
174 8
1191 8
766 8
918 8
933 8
167 8
715 8
453 8
832 8
822 8
1217 8
1072 8
750 8
1181 8
850 8
1156 8
760 8
110 8
1294 8
440 8
230 8
936 8
187 8
179 8
97 8
1330 8
64 8
424 8
1336 8
634 8
1285 8
575 8
112 8
232 8
1265 8
1183 8
758 8
57 8
1213 8
367 8
1316 8
986 8
372 8
915 8
924 8
894 8
40 8
290 8
1232 8
496 8
580 8
554 8
995 8
89 8
885 8
188 8
1026 8
1225 8
721 8
369 8
193 8
1007 8
277 8
201 8
353 8
871 8
632 8
627 8
275 8
342 8
251 8
73 8
699 8
1105 8
670 8
19 9
1303 9
696 9
175 9
548 9
443 9
770 9
1146 9
220 9
116 9
7 9
