785 1
547 1
416 1
254 1
105 1
53 1
499 1
795 1
504 1
354 1
483 1
842 1
265 1
133 1
633 1
678 1
695 1
428 1
63 1
304 1
692 1
171 1
273 1
230 1
643 1
541 1
300 1
353 1
714 1
609 1
185 1
837 1
790 1
138 1
172 2
449 2
360 2
388 2
425 2
41 2
761 2
523 2
37 2
199 2
35 2
323 2
26 2
399 2
705 2
703 2
56 2
711 2
568 2
753 2
455 2
829 2
646 2
346 2
322 2
17 2
699 2
422 2
328 2
192 2
588 2
574 2
262 2
773 2
309 2
722 2
239 2
690 2
90 2
726 2
821 2
60 2
392 2
423 2
478 2
204 2
166 2
368 2
72 2
532 2
626 2
770 2
531 2
18 2
825 2
119 2
330 2
110 2
381 2
129 2
465 2
696 2
238 2
391 2
177 2
205 2
114 2
352 2
411 2
355 2
500 2
493 2
789 2
802 2
329 2
595 2
755 2
712 2
214 2
660 2
514 2
216 2
44 2
549 2
141 2
472 2
5 2
630 2
181 2
546 2
461 2
257 2
19 2
397 2
74 2
605 2
529 2
275 2
299 2
289 2
234 2
100 2
175 2
597 2
385 2
150 2
125 2
652 2
521 2
470 2
215 2
548 2
183 2
502 2
813 2
66 2
622 2
816 2
375 2
730 2
518 2
464 2
775 2
610 2
217 2
634 2
593 2
200 2
625 2
223 2
427 2
596 2
24 2
701 2
786 2
631 2
243 2
670 2
560 2
261 2
34 2
228 2
286 2
850 2
777 2
645 2
698 2
163 2
693 2
372 2
794 2
480 2
503 2
664 2
398 2
351 2
315 2
534 2
509 2
811 2
542 2
513 2
202 2
68 2
540 2
219 2
78 2
445 2
767 2
126 2
556 2
723 2
743 2
279 2
479 2
62 2
614 2
506 2
836 2
55 2
178 2
231 2
706 2
637 2
720 2
569 2
674 2
487 2
244 2
226 2
319 2
848 2
731 2
619 2
98 2
245 2
311 2
636 2
491 2
149 2
28 2
456 2
69 2
1 2
106 2
744 2
562 2
313 3
649 3
321 3
759 3
242 3
408 3
537 3
539 3
642 3
48 3
203 3
629 3
269 3
598 3
579 3
475 3
440 3
492 3
457 3
366 3
512 3
563 3
782 3
682 3
91 3
236 3
281 3
481 3
136 3
76 3
501 3
122 3
193 3
22 3
814 3
847 3
462 3
225 3
287 3
732 3
340 3
429 3
809 3
298 3
650 3
301 3
3 3
211 3
224 3
108 3
237 3
341 3
533 3
250 3
155 3
447 3
572 3
51 3
373 4
288 4
571 4
798 4
667 4
426 4
686 4
139 4
191 4
13 4
592 4
737 4
27 4
415 4
419 4
684 4
760 4
161 4
180 4
278 4
820 4
80 4
485 4
740 4
656 4
209 4
639 4
815 4
246 4
486 4
29 4
134 4
393 4
142 4
367 4
616 4
152 4
345 4
437 4
272 4
623 4
601 4
167 4
681 4
669 4
179 4
40 4
256 4
370 4
555 4
302 4
680 4
741 4
431 4
168 4
325 4
38 4
