1
2
3
6
8
9
10
11
12
14
17
18
20
22
23
24
26
28
29
30
31
32
33
35
37
39
41
42
43
44
45
46
48
49
51
52
55
56
59
60
61
62
63
65
69
70
71
72
73
74
75
76
78
80
81
84
90
92
94
96
97
98
99
100
101
108
110
111
113
114
117
118
119
120
121
122
123
126
127
128
130
131
133
134
135
136
137
140
141
143
147
152
154
155
156
157
159
160
161
163
164
165
166
167
169
170
171
172
173
174
178
179
180
181
183
184
186
189
191
192
193
194
195
196
199
200
201
204
206
207
208
211
213
214
216
218
219
221
222
224
225
227
228
229
233
236
237
242
243
244
247
249
250
251
252
253
254
255
256
257
258
262
263
264
266
268
270
271
273
275
276
278
280
284
288
290
294
296
300
301
302
303
305
310
312
314
315
317
318
323
324
326
328
331
332
334
335
336
339
341
342
343
344
345
347
348
349
350
353
354
355
358
361
362
364
365
367
368
372
374
376
379
380
383
384
385
387
388
391
392
394
395
396
397
400
403
404
405
406
407
408
409
410
411
412
413
416
417
418
421
423
425
426
427
428
430
432
433
434
435
436
437
438
439
440
441
442
448
451
453
455
456
458
460
461
463
466
467
468
469
470
471
472
474
475
477
480
482
485
487
488
490
492
493
495
496
499
501
502
503
505
511
513
514
515
516
518
519
520
522
523
524
526
529
530
532
535
536
537
538
539
541
544
546
547
548
550
552
553
554
555
556
558
559
560
562
563
564
565
566
567
568
569
570
571
574
575
576
579
580
581
585
586
587
588
591
597
598
601
602
604
605
607
609
611
612
613
614
615
616
617
620
621
622
623
624
626
627
628
630
632
633
635
636
640
642
643
644
645
648
650
653
654
655
656
658
659
661
662
663
664
667
669
670
672
675
676
678
679
683
684
685
687
688
689
691
693
694
696
697
701
703
704
706
712
713
714
716
717
718
719
721
723
724
725
726
727
728
729
731
733
735
736
738
740
742
743
744
745
747
748
749
750
751
752
753
754
759
761
762
763
764
765
766
769
770
771
772
773
774
775
776
777
779
781
782
783
785
787
788
789
790
793
795
796
797
798
799
802
803
808
809
810
811
813
816
819
821
825
826
827
828
829
830
832
833
835
836
837
838
839
842
843
845
847
848
849
853
856
858
859
862
865
866
867
868
869
870
872
873
875
876
877
879
880
883
884
885
887
888
889
890
891
892
893
894
896
897
898
899
901
904
905
906
907
908
909
910
911
912
914
915
918
921
923
925
926
927
931
932
934
935
936
937
938
940
941
942
944
945
946
947
948
949
