1
2
4
6
8
10
11
13
14
16
19
21
28
29
32
33
35
36
39
40
43
44
45
47
51
52
53
54
55
57
58
59
60
64
66
67
68
70
71
78
79
82
83
84
85
87
88
92
93
94
95
98
99
101
102
104
105
106
107
108
109
110
112
113
114
115
116
117
122
124
125
127
128
129
133
138
140
141
145
147
149
150
151
153
154
155
156
157
158
159
161
162
163
166
168
169
170
173
175
177
178
180
181
182
183
184
185
186
190
191
192
193
195
196
198
199
200
202
203
204
207
208
209
210
211
212
213
214
215
218
219
221
222
223
225
227
228
233
235
236
238
239
241
243
244
245
246
248
249
250
251
253
254
256
257
258
261
262
264
267
270
275
276
277
278
279
282
284
285
286
288
290
291
293
294
295
296
297
298
300
303
304
306
307
310
312
316
318
319
321
323
324
325
326
327
328
332
333
334
335
336
340
341
342
345
347
348
349
350
351
352
353
354
355
357
359
360
361
363
366
367
368
369
370
372
373
375
376
377
378
380
381
382
383
384
385
389
390
393
394
395
396
397
398
400
401
402
404
405
407
408
409
410
411
413
415
417
422
423
424
426
430
433
434
435
438
443
446
447
448
450
453
454
455
456
457
458
459
460
463
466
468
469
470
471
472
473
474
475
476
478
479
480
481
484
486
488
489
490
491
492
493
494
498
499
500
501
502
503
504
505
506
507
508
509
511
513
520
521
522
523
526
530
531
532
533
534
535
536
539
540
541
542
544
545
546
547
550
551
553
555
557
559
560
561
562
563
564
565
566
567
570
572
574
576
578
579
581
582
584
586
588
591
592
593
597
598
599
600
604
605
606
608
609
610
613
614
616
617
619
620
621
623
624
626
627
628
629
630
631
633
634
635
636
639
640
641
642
643
644
645
646
647
649
650
651
652
653
654
657
658
660
663
664
666
668
672
673
674
675
676
677
680
682
683
686
687
690
692
693
697
699
704
705
706
709
711
712
713
714
718
723
725
726
727
728
729
731
733
735
737
738
739
741
742
743
744
745
746
747
748
749
750
751
753
755
756
759
761
764
765
766
768
769
770
771
772
773
775
776
777
778
779
781
782
783
785
786
787
788
789
790
791
792
793
795
796
798
799
801
802
805
806
807
808
809
810
811
812
814
815
816
817
818
819
820
821
825
827
828
830
833
834
836
838
839
840
844
846
847
848
850
853
855
856
857
859
861
863
864
865
869
870
871
872
873
874
875
876
878
879
880
881
882
884
886
887
888
890
896
897
898
899
900
902
905
906
907
908
909
910
912
913
914
915
916
917
918
919
922
924
925
926
927
928
930
931
932
934
935
936
940
942
943
946
947
949
950
951
954
955
957
958
959
961
963
966
968
971
972
973
974
975
976
977
981
982
983
985
987
989
991
992
993
994
997
998
999
1001
1002
1003
1004
1005
1007
1009
1010
1011
1015
1016
1019
1021
1025
1026
1028
1029
1030
1031
1032
1033
1034
1036
1039
1040
1041
1043
1045
1046
1047
1048
1051
1053
1054
1056
1059
1060
1061
1062
1064
1066
1067
1068
1070
1071
1072
1073
1074
1075
1077
1078
1079
1080
1083
1084
1086
1090
1091
1093
1094
1096
1097
1100
1101
1102
1104
1107
1108
1109
1110
1113
1114
1116
1118
1120
1123
1124
1125
1126
1128
1129
1130
1131
1132
1134
1135
1139
1140
1141
1145
1146
1147
1149
1150
1151
1152
1153
1154
1156
1157
1159
1164
1165
1166
1167
1168
1169
1170
1171
1173
1174
1175
1176
1177
1178
1179
1180
1181
1182
1185
1186
1187
1188
1190
1192
1194
1195
1196
1197
1200
1202
1206
1208
1209
1213
1215
1216
1217
1220
1221
1222
1223
1224
1226
1227
1228
1229
1230
1231
1232
1234
1236
1237
1238
1239
1240
1244
1248
1251
1252
1253
1254
1258
1260
1261
1262
1263
1265
1266
1267
1268
1270
1271
1272
1273
1274
1276
1278
1280
1281
1282
1284
1287
1288
1291
1293
1294
1296
1298
1299
1300
1301
1302
1303
1304
1306
1307
1310
1311
1312
1313
1316
1318
1319
1320
1325
1327
1328
1329
1330
1332
1333
1335
1337
1338
1339
1340
1341
1343
1344
1345
1347
1349
1350
1351
1352
1354
1355
1356
1359
1363
1364
1366
1367
1368
1369
1370
1371
1372
1374
1377
1378
1380
1381
1384
1385
1386
1392
1393
1397
1398
1399
1400
1401
1402
1403
1404
1413
1414
1415
1416
1417
1420
1423
1424
1425
1426
1429
1430
1431
1432
1434
1435
1436
1441
1447
1448
1449
1450
1451
1452
1453
1454
1455
1456
1457
1460
1461
1462
1465
1470
1471
1472
1473
1474
1475
1476
1477
1478
1479
1481
1482
1483
1486
1487
1490
1491
1492
1494
1495
1497
1498
1499
1500
1501
1502
1504
1505
1506
1507
1509
1510
1512
1513
1515
1517
1518
1519
1520
1521
1522
1524
1525
1526
1531
1532
1534
1538
1539
1540
1542
1544
1546
1547
1550
1552
1553
1556
1558
1560
1561
1562
1565
1566
1567
1570
1571
1572
1573
1574
1575
1580
1581
1583
1587
1588
1589
1593
1594
1596
1597
1598
1599
1600
1602
1603
1604
1605
1607
1608
1609
1610
1611
1612
1613
1616
1620
1621
1622
1624
1625
1628
1629
1630
1633
1634
1635
1636
1637
1638
1639
1640
1642
1643
1644
1649
1650
1652
1653
1654
1655
1657
1658
1659
1660
1661
1662
1663
1664
1665
1666
1667
1668
1669
1670
1671
1672
1673
1674
1676
1677
1678
1681
1682
1683
1684
1685
1688
1693
1695
1697
1698
1699
1700
1701
1702
1704
1705
1706
1707
1708
1710
1714
1716
1717
1718
1719
1720
1721
1723
1725
1730
1731
1732
1735
1736
1737
1738
1740
1741
1742
1743
1744
1745
1746
1747
1749
1750
1751
1752
1754
1755
1756
1757
1758
1759
1760
1765
1771
1772
1773
1775
1776
1777
1778
1782
1783
1787
1789
1792
1794
1795
1796
1799
1801
1803
1805
1806
1807
1809
1812
1813
1815
1816
1818
1819
1820
1822
1824
1825
1826
1828
1829
1832
1833
1835
1837
1839
1840
1841
1842
1843
1846
1847
1848
1849
1852
1853
1854
1855
1857
1860
1863
1864
1865
1869
1871
1875
1876
1878
1879
1880
1882
1883
1884
1887
1888
1890
1892
1893
1896
1897
1901
1905
1906
1907
1908
1909
1911
1916
1917
1919
1920
1921
1922
1926
1927
1928
1929
1931
1932
1935
1937
1938
1939
1940
1941
1943
1944
1946
1948
1949
1950
1952
1953
1954
1956
1958
1959
1961
1964
1965
1966
1968
1969
1971
1973
1974
1975
1976
1977
1978
1979
1980
1981
1982
1983
1984
1985
1986
1987
1989
1990
1991
1993
1994
1996
1997
1998
1999
