1
4
6
7
9
10
11
12
13
14
20
21
22
32
33
34
35
36
37
38
39
41
42
45
47
48
49
50
53
54
57
58
59
62
63
64
65
67
71
72
73
77
78
80
81
84
87
88
89
92
97
98
99
100
102
106
107
109
112
113
114
117
118
119
121
123
125
126
127
128
130
131
132
133
136
137
139
141
142
143
148
149
150
152
154
155
158
161
164
165
166
167
168
170
171
172
174
175
176
178
179
180
181
182
184
186
188
190
193
196
197
198
201
202
203
204
207
211
212
216
217
218
220
222
223
225
226
228
230
231
232
233
234
235
240
241
243
245
246
247
248
252
253
255
256
258
260
262
263
264
265
266
267
268
270
271
272
278
279
280
281
282
284
285
286
288
289
290
292
293
296
297
301
302
303
305
307
308
310
312
313
314
318
319
324
325
329
330
331
334
335
337
338
340
341
344
345
350
352
354
356
358
359
360
361
362
363
366
367
369
370
374
376
377
378
379
380
381
383
386
388
389
394
395
396
398
404
406
407
412
416
417
420
421
422
423
424
425
429
433
434
435
436
439
440
441
442
445
447
448
449
450
451
452
453
456
458
460
461
465
466
468
469
471
472
473
475
476
477
478
480
481
484
488
489
490
492
494
496
497
498
501
502
504
505
506
507
511
512
513
516
520
521
522
523
526
530
532
536
537
539
540
541
543
545
546
548
549
551
552
554
555
556
558
560
561
562
564
566
567
568
569
571
572
573
576
578
580
586
588
590
591
593
594
595
596
599
600
602
603
604
605
607
608
610
611
613
617
618
619
620
622
624
628
631
633
634
635
636
640
641
646
647
648
649
650
653
656
658
659
663
665
666
667
668
669
671
672
674
675
676
677
679
681
682
685
687
689
690
691
692
696
697
699
700
701
702
704
706
707
710
713
715
717
719
720
721
725
726
729
730
731
732
735
736
738
739
740
741
742
744
745
746
751
753
754
756
757
758
759
760
762
765
766
767
768
770
772
774
775
776
777
780
781
783
786
791
792
793
795
797
798
802
804
809
811
813
815
818
819
820
828
829
830
832
833
837
838
839
840
841
842
843
844
845
846
850
851
852
855
856
857
863
865
866
868
869
871
874
877
878
880
881
882
884
885
888
889
891
896
898
900
903
904
905
909
912
913
914
915
916
917
918
922
923
925
926
927
928
929
931
932
933
934
935
936
937
939
942
943
944
945
946
949
951
953
954
955
957
958
960
963
964
966
967
969
970
971
974
976
977
978
981
984
985
986
987
989
990
991
992
993
994
995
1001
1002
1003
1005
1009
1010
1012
1013
1014
1016
1017
1018
1019
1020
1022
1027
1028
1029
1030
1032
1034
1036
1037
1043
1044
1045
1047
1048
1049
1050
1053
1054
1056
1057
1058
1059
1060
1061
1062
1063
1064
1065
1070
1071
1072
1074
1075
1076
1077
1078
1079
1084
1085
1086
1087
1089
1090
1091
1092
1093
1094
1095
1096
1097
1098
1099
1100
1101
1104
1106
1108
1110
1117
1118
1119
1120
1123
1124
1125
1127
1128
1129
1130
1131
1134
1137
1138
1140
1142
1147
1148
1150
1151
1153
1156
1158
1161
1162
1164
1166
1168
1173
1174
1179
1181
1187
1190
1193
1194
1196
1199
1201
1202
1206
1210
1213
1214
1216
1217
1218
1220
1222
1225
1226
1227
1228
1229
1231
1232
1233
1236
1237
1239
1240
1242
1243
1244
1245
1247
1248
1250
1251
1252
1253
1255
1261
1262
1263
1264
1265
1266
1267
1270
1271
1272
1274
1276
1277
1284
1286
1287
1288
1290
1291
1292
1293
1294
1295
1298
1299
1300
1301
1302
1305
1306
1308
1314
1315
1318
1320
1323
1326
1327
1328
1329
1330
1333
1336
1338
1339
1340
1341
1344
1346
1347
1350
1352
1353
1357
1358
1360
1364
1365
1367
1368
1369
1372
1375
1376
1377
1380
1381
1382
1384
1385
1388
1389
1391
1392
1394
1395
1396
1397
1399
1400
1401
1403
1409
1410
1413
1415
1417
1418
1423
1425
1426
1427
1431
1433
1435
1436
1437
1438
1439
1440
1443
1444
1445
1446
1448
1449
1450
1453
1456
1458
1459
1463
1464
1466
1468
1469
1470
1471
1472
1474
1476
1478
1481
1482
1487
1489
1492
1494
1495
1496
1497
1499
1500
1503
1504
1507
1508
1510
1511
1512
1513
1514
1518
1520
1521
1522
1523
1525
1526
1529
1531
1533
1535
1536
1538
1539
1543
1544
1545
1546
1551
1553
1555
1557
1558
1559
1561
1563
1564
1566
1567
1568
1569
1571
1572
1573
1575
1576
1577
1581
1582
1583
1585
1587
1588
1589
1592
1596
1597
1598
1600
1603
1604
1605
1606
1609
1610
1611
1612
1614
1615
1616
1617
1618
1620
1621
1624
1625
1628
1630
1631
1632
1633
1634
1635
1636
1638
1641
1644
1645
1646
1647
1648
1650
1651
1652
1656
1659
1661
1662
1663
1665
1667
1670
1671
1674
1676
1678
1680
1682
1683
1684
1688
1689
1692
1693
1694
1697
1699
1701
1702
1703
1706
1708
1709
1711
1713
1715
1716
1717
1718
1720
1721
1722
1724
1725
1728
1730
1731
1732
1733
1737
1739
1743
1744
1746
1747
1748
1749
1750
1751
1753
1760
1762
1763
1765
1767
1768
1771
1772
1773
1774
1775
1777
1778
1782
1784
1786
1787
1788
1792
1793
1794
1795
1797
1799
1800
1802
1803
1805
1807
1808
1809
1817
1818
1820
1821
1822
1824
1826
1827
1828
1829
1832
1834
1835
1837
1838
1839
1840
1842
1844
1845
1847
1848
1851
1852
1853
1854
1855
1856
1858
1859
1861
1862
1863
1864
1865
1866
1867
1868
1869
1870
1871
1873
1875
1876
1877
1878
1880
1881
1883
1888
1893
1894
1896
1898
1899
1900
1901
1902
1903
1904
1907
1911
1912
1913
1916
1918
1919
1921
1922
1926
1929
1931
1932
1933
1934
1937
1939
1940
1941
1942
1944
1945
1946
1949
1951
1952
1954
1957
1958
1959
1960
1962
1963
1964
1966
1974
1975
1976
1978
1981
1983
1985
1986
1988
1989
1990
1991
1993
1998
1999
2000
2003
2008
2012
2013
2014
2015
2016
2019
2020
2021
2022
2023
2024
2025
2026
2027
2028
2029
2030
2032
2035
2040
2043
2044
2045
2046
2051
2052
2053
2054
2057
2058
2061
2062
2064
2065
2067
2068
2072
2074
2075
2076
2077
2079
2082
2085
2091
2092
2093
2094
2095
2096
2097
2098
2099
2101
2102
2103
2104
2106
2107
2108
2110
2111
2112
2115
2116
2117
2118
2119
2121
2122
2124
2128
2129
2132
2133
2135
2139
2140
2141
2142
2144
2146
2148
2150
2151
2152
2153
2155
2156
2157
2158
2159
2160
2161
2163
2164
2165
2167
2169
2177
2179
2183
2184
2186
2188
2191
2192
2193
2195
2198
2199
2201
2202
2204
2205
2208
2213
2215
2217
2218
2219
2220
2227
2228
2231
2235
2239
2243
2246
2247
2248
2249
2251
2252
2254
2255
2257
2259
2261
2263
2264
2265
2266
2268
2270
2271
2277
2280
2281
2282
2283
2284
2286
2288
2289
2291
2292
2295
2296
2299
2300
2302
2303
2304
2308
2311
2312
2314
2315
2316
2317
2319
2320
2322
2323
2325
2328
2329
2330
2332
2333
2336
2337
2338
2341
2343
2346
2347
2349
2351
2355
2357
2360
2361
2363
2367
2368
2370
2371
2373
2374
2377
2378
2379
2381
2383
2384
2385
2387
2388
2389
2390
2391
2392
2395
2397
2398
2399
2400
