1
2
3
5
6
8
9
10
16
18
19
21
22
23
24
26
27
29
31
32
34
35
38
40
41
48
49
53
55
58
59
60
61
62
63
64
70
71
72
73
74
75
81
82
84
85
87
89
91
95
97
101
105
106
108
110
111
112
116
118
119
120
122
123
124
128
129
132
133
135
138
140
142
143
145
146
147
149
152
153
154
155
157
160
161
164
165
172
173
177
178
184
187
189
190
192
196
199
202
203
204
210
211
214
216
220
222
225
226
227
228
229
231
232
233
234
235
237
238
241
244
248
251
252
253
257
260
261
262
264
265
269
272
273
276
277
278
279
280
281
283
284
285
286
287
289
290
291
292
293
295
296
299
301
302
304
305
306
307
308
309
316
317
326
327
330
331
333
335
336
337
338
339
340
341
342
343
344
348
349
351
352
354
356
357
358
361
363
364
365
366
367
372
374
375
378
379
382
383
387
389
392
394
397
399
403
404
410
411
412
414
415
416
417
418
421
422
423
426
428
429
430
431
433
439
440
442
443
445
447
452
453
454
455
456
458
460
461
462
464
465
466
468
469
470
473
475
476
477
478
480
481
482
483
485
487
488
490
492
493
494
498
499
500
501
505
506
508
512
514
516
517
519
521
522
524
527
531
533
534
535
536
537
538
540
541
543
544
546
552
555
556
559
563
564
565
566
568
569
571
572
574
575
576
578
579
580
581
583
584
585
587
588
589
591
592
596
599
601
602
603
604
605
606
607
611
612
613
614
616
619
624
625
626
627
629
630
632
633
635
636
637
640
642
644
645
646
649
650
652
654
655
660
664
665
666
668
669
670
671
677
680
681
683
688
689
690
691
693
698
701
702
705
707
711
712
714
717
718
719
720
721
722
723
724
726
730
732
733
735
736
737
739
741
742
743
744
746
749
750
753
754
756
757
758
761
762
764
766
767
768
769
770
771
773
774
775
776
779
781
782
784
785
788
791
793
794
795
797
798
802
803
804
805
813
816
820
823
824
827
828
829
831
833
834
835
841
844
845
848
851
852
856
862
863
865
867
870
872
874
876
883
885
886
888
889
890
893
895
896
897
898
900
902
905
906
907
909
910
911
912
914
916
917
920
921
922
924
925
927
928
931
935
936
938
940
941
945
946
948
949
950
951
952
953
954
956
957
958
961
962
963
964
965
972
973
974
976
978
979
984
986
987
988
990
992
993
996
999
1000
1002
1004
1006
1007
1009
1010
1011
1013
1014
1015
1023
1024
1026
1030
1031
1036
1038
1039
1041
1042
1043
1046
1048
1049
1050
1051
1053
1054
1055
1057
1058
1059
1064
1066
1068
1070
1074
1075
1076
1077
1078
1079
1082
1083
1084
1085
1086
1089
1093
1096
1099
1101
1104
1105
1106
1112
1114
1115
1116
1117
1118
1119
1124
1125
1126
1127
1128
1130
1131
1132
1133
1134
1135
1136
1137
1139
1141
1142
1143
1144
1145
1147
1149
1150
1151
1153
1155
1157
1158
1159
1160
1161
1166
1167
1170
1171
1174
1176
1178
1179
1181
1183
1185
1187
1188
1189
1192
1196
1199
1200
1201
1203
1204
1206
1207
1208
1209
1210
1212
1213
1217
1218
1219
1221
1223
1224
1225
1229
1230
1234
1239
1241
1242
1244
1245
1246
1250
1251
1253
1258
1263
1265
1269
1270
1272
1274
1276
1277
1282
1283
1284
1286
1287
1288
1290
1292
1293
1294
1295
1296
1297
1299
1300
1301
1302
1306
1307
1311
1312
1313
1315
1321
1325
1328
1330
1332
1333
1334
1335
1336
1337
1339
1341
1342
1343
1344
1347
1348
1350
1352
1353
1354
1356
1357
1358
1359
1360
1362
1364
1365
1370
1371
1372
1373
1374
1375
1376
1378
1379
1381
1382
1383
1384
1387
1388
1390
1395
1400
1403
1404
1405
1406
1408
1411
1412
1414
1415
1417
1421
1422
1423
1424
1427
1429
1430
1433
1434
1436
1438
1439
1443
1445
1450
1451
1453
1454
1455
1456
1457
1458
1459
1461
1462
1464
1465
1467
1468
1469
1471
1472
1474
1478
1484
1485
1489
1493
1495
1497
1499
1500
1501
1502
1503
1504
1505
1506
1507
1509
1518
1519
1520
1524
1525
1526
1527
1528
1529
1530
1532
1536
1537
1540
1541
1545
1547
1548
1549
1550
1551
1552
1553
1554
1557
1558
1559
1560
1561
1564
1565
1566
1568
1569
1570
1573
1575
1576
1577
1579
1582
1585
1586
1587
1588
1590
1591
1592
1593
1594
1595
1597
1598
1599
1605
1607
1609
1611
1612
1615
1617
1618
1622
1623
1626
1628
1629
1632
1636
1637
1639
1640
1641
1642
1643
1646
1647
1651
1652
1653
1655
1658
1659
1660
1666
1667
1668
1672
1674
1676
1679
1680
1681
1683
1684
1685
1686
1691
1693
1694
1701
1702
1704
1708
1710
1711
1712
1713
1714
1716
1718
1719
1720
1723
1724
1726
1727
1728
1730
1731
1732
1734
1735
1737
1738
1739
1741
1742
1744
1745
1746
1750
1751
1752
1755
1756
1757
1758
1761
1762
1764
1765
1767
1768
1769
1771
1772
1779
1781
1786
1788
1789
1790
1791
1793
1794
1796
1798
1799
1802
1803
1804
1805
1806
1812
1813
1814
1817
1819
1822
1823
1827
1828
1829
1830
1832
1833
1837
1838
1839
1840
1841
1842
1843
1844
1845
1846
1847
1848
1849
1851
1852
1853
1854
1855
1856
1857
1859
1860
1861
1862
1863
1865
1867
1869
1870
1871
1872
1873
1874
1876
1877
1879
1880
1881
1885
1887
1890
1891
1893
1894
1899
1900
1901
1903
1904
1905
1907
1908
1909
1910
1912
1913
1915
1919
1921
1922
1924
1925
1926
1928
1930
1931
1933
1935
1936
1937
1939
1940
1942
1943
1944
1946
1949
1951
1952
1953
1954
1957
1959
1961
1962
1963
1964
1965
1966
1971
1973
1974
1977
1978
1979
1980
1981
1982
1984
1987
1993
1994
1995
1996
1997
1998
1999
2003
2006
2007
2010
2011
2017
2018
2019
2022
2023
2024
2026
2027
2028
2030
2034
2037
2038
2040
2044
2045
2046
2052
2053
2057
2058
2060
2061
2062
2063
2064
2065
2066
2067
2070
2073
2077
2079
2081
2083
2084
2087
2089
2094
2095
2096
2099
2102
2105
2107
2110
2111
2112
2117
2119
2121
2122
2123
2124
2125
2126
2127
2132
2136
2137
2138
2139
2140
2141
2142
2146
2150
2151
2152
2155
2161
2162
2166
2167
2168
2171
2172
2173
2174
2175
2176
2178
2179
2180
2181
2182
2184
2186
2187
2188
2189
2190
2191
2193
2195
2196
2197
2198
2200
2201
2203
2204
2205
2208
2210
2211
2213
2214
2216
2217
2218
2219
2221
2223
2224
2226
2228
2229
2230
2231
2232
2235
2236
2237
2239
2243
2244
2246
2247
2252
2253
2254
2255
2256
2257
2258
2259
2260
2261
2262
2263
2264
2265
2266
2269
2271
2272
2273
2274
2275
2276
2277
2278
2279
2280
2282
2283
2286
2287
2288
2292
2293
2295
2296
2299
2300
2301
2302
2304
2305
2306
2308
2310
2311
2314
2315
2316
2318
2320
2323
2327
2333
2334
2338
2339
2340
2341
2342
2345
2347
2349
2350
2351
2352
2353
2354
2355
2358
2359
2363
2364
2368
2371
2372
2373
2374
2376
2377
2378
2381
2382
2383
2385
2387
2388
2392
2393
2394
2396
2398
2404
2405
2408
2411
2412
2413
2414
2418
2419
2422
2423
2426
2428
2429
2430
2434
2435
2438
2441
2442
2444
2445
2446
2447
2449
2452
2453
2455
2456
2457
2458
2459
2460
2461
2464
2466
2467
2470
2471
2472
2475
2476
2477
2479
2480
2481
2482
2483
2484
2485
2493
2494
2496
2499
2500
