1
5
7
8
10
14
20
21
22
23
26
28
29
32
34
36
37
40
41
44
47
49
52
56
58
59
60
61
62
63
66
69
71
72
73
75
77
81
83
85
96
101
103
104
106
107
108
109
111
112
113
114
119
120
122
123
125
126
127
128
129
130
132
133
134
135
138
141
142
143
144
146
147
148
157
158
159
169
171
172
176
177
178
179
184
185
186
188
189
190
192
193
194
195
197
198
199
200
201
203
205
206
207
214
216
219
222
224
226
227
230
233
237
240
243
244
247
249
250
254
255
259
260
263
264
266
269
274
275
281
285
288
290
294
295
296
299
300
301
304
305
306
309
312
313
314
315
319
320
321
324
325
326
327
328
333
334
336
345
347
351
355
356
359
361
363
364
366
370
374
378
382
384
385
387
391
392
393
396
397
400
405
409
410
412
414
417
418
421
423
429
430
439
440
441
442
443
447
448
449
453
455
456
459
463
464
467
468
471
472
473
480
481
488
491
493
495
496
501
502
506
508
509
511
513
516
517
520
523
527
534
535
536
539
540
541
542
543
547
550
555
557
566
567
568
569
571
573
574
575
582
585
587
589
591
594
595
599
602
603
604
606
607
608
609
614
616
617
619
624
627
629
630
631
632
633
634
635
636
640
642
643
648
653
655
657
658
664
666
667
668
671
673
674
676
678
683
684
688
690
692
693
699
700
701
706
708
711
717
729
730
735
740
741
749
750
751
752
753
756
760
761
763
764
766
768
769
773
776
778
779
780
782
784
786
788
790
792
797
800
806
808
811
812
813
816
822
823
824
827
833
838
841
845
849
850
853
855
857
859
860
861
862
863
865
866
867
869
875
879
880
881
882
884
886
888
895
903
907
908
910
912
913
921
925
926
928
932
933
934
936
937
941
942
946
948
949
951
953
954
955
956
959
963
967
968
970
974
976
979
980
982
983
984
985
991
993
998
999
1000
1001
1003
1004
1005
1006
1009
1010
1012
1018
1019
1020
1021
1024
1025
1028
1031
1034
1036
1037
1053
1054
1055
1056
1058
1062
1063
1064
1065
1069
1070
1072
1073
1074
1075
1077
1078
1079
1081
1082
1083
1085
1087
1088
1090
1091
1092
1093
1094
1095
1096
1097
1103
1107
1110
1112
1115
1120
1123
1127
1131
1137
1141
1143
1145
1147
1151
1153
1155
1161
1163
1164
1167
1168
1170
1171
1175
1177
1179
1182
1186
1187
1188
1191
1192
1193
1198
1200
1201
1202
1204
1205
1206
1208
1210
1211
1213
1214
1215
1216
1218
1221
1231
1232
1236
1240
1241
1245
1247
1248
1253
1256
1257
1258
1260
1261
1263
1268
1271
1274
1275
1281
1282
1283
1287
1290
1292
1293
1294
1299
1307
1308
1310
1316
1325
1326
1328
1329
1330
1331
1333
1335
1337
1339
1340
1344
1347
1348
1349
1352
1355
1356
1357
1358
1359
1360
1361
1367
1369
1373
1376
1378
1379
1380
1384
1385
1386
1387
1388
1391
1392
1393
1395
1397
1398
1399
1402
1404
1407
1410
1411
1414
1415
1418
1419
1421
1422
1425
1427
1428
1429
1430
1434
1435
1436
1438
1442
1443
1445
1446
1448
1449
1451
1454
1458
1459
1460
1462
1463
1470
1471
1472
1473
1475
1478
1481
1482
1484
1485
1489
1490
1491
1493
1498
1500
1502
1503
1505
1507
1509
1510
1511
1513
1514
1516
1518
1519
1525
1527
1528
1531
1532
1536
1538
1540
1547
1548
1549
1550
1556
1557
1558
1560
1561
1562
1565
1568
1569
1571
1572
1574
1575
1576
1577
1578
1589
1594
1596
1603
1609
1611
1612
1613
1614
1617
1618
1620
1622
1624
1626
1627
1628
1632
1633
1635
1636
1640
1641
1643
1644
1646
1647
1648
1650
1655
1658
1662
1663
1664
1665
1667
1669
1670
1672
1674
1675
1678
1679
1680
1682
1686
1687
1688
1690
1692
1693
1694
1695
1696
1697
1699
1704
1705
1706
1708
1711
1714
1716
1719
1722
1731
1733
1734
1738
1739
1740
1743
1746
1747
1748
1749
1753
1754
1758
1759
1761
1763
1765
1769
1772
1773
1776
1777
1778
1779
1780
1781
1783
1784
1785
1786
1789
1791
1792
1794
1797
1799
1800
1801
1803
1807
1808
1810
1813
1815
1816
1820
1822
1825
1830
1831
1832
1834
1835
1840
1841
1845
1847
1850
